Loading solver: C:\RESEARCH_PROJECTS\auto_research_1\floorset_research\solver.py
Loading validation dataset...
Running on 100 cases: [0, 1, 2, 3, 4, 5, 6, 7, 8, 9, 10, 11, 12, 13, 14, 15, 16, 17, 18, 19, 20, 21, 22, 23, 24, 25, 26, 27, 28, 29, 30, 31, 32, 33, 34, 35, 36, 37, 38, 39, 40, 41, 42, 43, 44, 45, 46, 47, 48, 49, 50, 51, 52, 53, 54, 55, 56, 57, 58, 59, 60, 61, 62, 63, 64, 65, 66, 67, 68, 69, 70, 71, 72, 73, 74, 75, 76, 77, 78, 79, 80, 81, 82, 83, 84, 85, 86, 87, 88, 89, 90, 91, 92, 93, 94, 95, 96, 97, 98, 99]
  case   0 n= 21 OK                   hpwl_gap=+0.202 area_gap=+0.142 v_rel=0.346 rt= 32.73s cost=6.668
  case   1 n= 22 OK                   hpwl_gap=+1.425 area_gap=+0.383 v_rel=0.345 rt= 46.75s cost=12.027
  case   2 n= 23 OK                   hpwl_gap=+0.086 area_gap=+0.139 v_rel=0.379 rt= 36.14s cost=6.968
  case   3 n= 24 OK                   hpwl_gap=+0.451 area_gap=+0.258 v_rel=0.179 rt= 45.96s cost=6.104
  case   4 n= 25 OK                   hpwl_gap=+0.872 area_gap=+0.183 v_rel=0.188 rt= 54.71s cost=7.384
  case   5 n= 26 OK                   hpwl_gap=+0.843 area_gap=+0.385 v_rel=0.222 rt= 50.21s cost=8.150
  case   6 n= 27 OK                   hpwl_gap=+0.459 area_gap=+0.252 v_rel=0.323 rt= 47.75s cost=8.240
  case   7 n= 28 OK                   hpwl_gap=+0.924 area_gap=+0.606 v_rel=0.167 rt= 52.83s cost=8.098
  case   8 n= 29 OK                   hpwl_gap=+0.429 area_gap=+0.184 v_rel=0.273 rt= 59.63s cost=7.686
  case   9 n= 30 OK                   hpwl_gap=+0.472 area_gap=+0.197 v_rel=0.188 rt= 59.67s cost=6.622
  case  10 n= 31 OK                   hpwl_gap=+0.667 area_gap=+0.360 v_rel=0.074 rt= 60.61s cost=6.013
  case  11 n= 32 OK                   hpwl_gap=+0.870 area_gap=+0.126 v_rel=0.161 rt= 43.57s cost=6.419
  case  12 n= 33 OK                   hpwl_gap=+0.606 area_gap=+0.431 v_rel=0.333 rt= 52.86s cost=9.724
  case  13 n= 34 OK                   hpwl_gap=+0.087 area_gap=+0.037 v_rel=0.303 rt= 37.44s cost=5.773
  case  14 n= 35 OK                   hpwl_gap=+0.540 area_gap=+0.427 v_rel=0.344 rt= 60.77s cost=10.115
  case  15 n= 36 OK                   hpwl_gap=+0.852 area_gap=+0.415 v_rel=0.056 rt= 62.64s cost=6.317
  case  16 n= 37 OK                   hpwl_gap=+0.536 area_gap=+0.391 v_rel=0.275 rt= 56.68s cost=8.517
  case  17 n= 38 OK                   hpwl_gap=+0.626 area_gap=+0.335 v_rel=0.108 rt= 56.20s cost=6.156
  case  18 n= 39 OK                   hpwl_gap=+0.985 area_gap=+0.225 v_rel=0.118 rt= 66.57s cost=7.156
  case  19 n= 40 OK                   hpwl_gap=+0.546 area_gap=+0.288 v_rel=0.263 rt= 52.24s cost=7.860
  case  20 n= 41 OK                   hpwl_gap=+0.052 area_gap=+0.270 v_rel=0.237 rt= 41.49s cost=5.702
  case  21 n= 42 OK                   hpwl_gap=+0.802 area_gap=+0.543 v_rel=0.268 rt= 65.33s cost=10.020
  case  22 n= 43 OK                   hpwl_gap=+0.737 area_gap=+0.240 v_rel=0.163 rt= 43.35s cost=6.385
  case  23 n= 44 OK                   hpwl_gap=+0.919 area_gap=+0.641 v_rel=0.083 rt= 68.37s cost=7.470
  case  24 n= 45 OK                   hpwl_gap=+0.653 area_gap=+0.205 v_rel=0.152 rt= 67.05s cost=6.833
  case  25 n= 46 OK                   hpwl_gap=+1.078 area_gap=+0.444 v_rel=0.275 rt= 74.47s cost=11.122
  case  26 n= 47 OK                   hpwl_gap=+0.730 area_gap=+0.206 v_rel=0.095 rt= 57.63s cost=5.994
  case  27 n= 48 OK                   hpwl_gap=+0.354 area_gap=+0.201 v_rel=0.304 rt= 53.69s cost=7.758
  case  28 n= 49 OK                   hpwl_gap=+0.767 area_gap=+0.351 v_rel=0.049 rt= 80.82s cost=6.420
  case  29 n= 50 OK                   hpwl_gap=+0.417 area_gap=+0.222 v_rel=0.326 rt= 55.28s cost=8.436
  case  30 n= 51 OK                   hpwl_gap=+0.475 area_gap=+0.292 v_rel=0.140 rt= 79.40s cost=6.794
  case  31 n= 52 OK                   hpwl_gap=+0.720 area_gap=+0.470 v_rel=0.224 rt= 92.59s cost=9.722
  case  32 n= 53 OK                   hpwl_gap=+0.634 area_gap=+0.480 v_rel=0.149 rt= 69.20s cost=7.475
  case  33 n= 54 OK                   hpwl_gap=+1.260 area_gap=+0.544 v_rel=0.044 rt= 70.93s cost=7.466
  case  34 n= 55 OK                   hpwl_gap=+0.591 area_gap=+0.270 v_rel=0.220 rt= 59.13s cost=7.552
  case  35 n= 56 OK                   hpwl_gap=+1.185 area_gap=+0.328 v_rel=0.043 rt= 74.32s cost=6.965
  case  36 n= 57 OK                   hpwl_gap=+0.990 area_gap=+0.452 v_rel=0.065 rt= 73.54s cost=7.118
  case  37 n= 58 OK                   hpwl_gap=+0.785 area_gap=+0.282 v_rel=0.085 rt= 81.01s cost=6.797
  case  38 n= 59 OK                   hpwl_gap=+1.574 area_gap=+0.880 v_rel=0.218 rt= 93.80s cost=13.456
  case  39 n= 60 OK                   hpwl_gap=+0.779 area_gap=+0.355 v_rel=0.045 rt= 74.23s cost=6.247
  case  40 n= 61 OK                   hpwl_gap=+1.000 area_gap=+0.337 v_rel=0.184 rt= 54.80s cost=8.007
  case  41 n= 62 OK                   hpwl_gap=+1.116 area_gap=+0.364 v_rel=0.078 rt= 55.27s cost=6.783
  case  42 n= 63 OK                   hpwl_gap=+0.871 area_gap=+0.257 v_rel=0.233 rt= 57.34s cost=8.389
  case  43 n= 64 OK                   hpwl_gap=+1.550 area_gap=+0.772 v_rel=0.188 rt= 57.30s cost=10.590
  case  44 n= 65 OK                   hpwl_gap=+0.978 area_gap=+0.687 v_rel=0.212 rt= 60.40s cost=9.574
  case  45 n= 66 OK                   hpwl_gap=+0.923 area_gap=+0.593 v_rel=0.145 rt= 60.83s cost=8.064
  case  46 n= 67 OK                   hpwl_gap=+1.366 area_gap=+0.596 v_rel=0.164 rt= 63.53s cost=9.548
  case  47 n= 68 OK                   hpwl_gap=+0.715 area_gap=+0.284 v_rel=0.077 rt= 64.75s cost=6.111
  case  48 n= 69 OK                   hpwl_gap=+0.738 area_gap=+0.480 v_rel=0.034 rt= 65.55s cost=6.040
  case  49 n= 70 OK                   hpwl_gap=+1.200 area_gap=+0.955 v_rel=0.220 rt= 64.94s cost=11.290
  case  50 n= 71 OK                   hpwl_gap=+0.758 area_gap=+0.251 v_rel=0.070 rt= 69.42s cost=6.177
  case  51 n= 72 OK                   hpwl_gap=+1.989 area_gap=+0.870 v_rel=0.150 rt= 68.42s cost=11.650
  case  52 n= 73 OK                   hpwl_gap=+1.117 area_gap=+0.396 v_rel=0.123 rt= 69.52s cost=8.015
  case  53 n= 74 OK                   hpwl_gap=+1.433 area_gap=+1.022 v_rel=0.109 rt= 71.48s cost=9.973
  case  54 n= 75 OK                   hpwl_gap=+1.425 area_gap=+0.729 v_rel=0.172 rt= 41.98s cost=8.986
  case  55 n= 76 OK                   hpwl_gap=+1.239 area_gap=+0.578 v_rel=0.143 rt= 43.13s cost=7.855
  case  56 n= 77 OK                   hpwl_gap=+0.657 area_gap=+0.272 v_rel=0.211 rt= 43.67s cost=6.927
  case  57 n= 78 OK                   hpwl_gap=+0.947 area_gap=+1.014 v_rel=0.125 rt= 44.65s cost=7.949
  case  58 n= 79 OK                   hpwl_gap=+0.573 area_gap=+0.198 v_rel=0.093 rt= 46.13s cost=5.265
  case  59 n= 80 OK                   hpwl_gap=+0.768 area_gap=+0.769 v_rel=0.242 rt= 46.28s cost=9.063
  case  60 n= 81 OK                   hpwl_gap=+1.004 area_gap=+0.326 v_rel=0.039 rt= 45.55s cost=5.664
  case  61 n= 82 OK                   hpwl_gap=+1.713 area_gap=+0.920 v_rel=0.123 rt= 44.52s cost=9.255
  case  62 n= 83 OK                   hpwl_gap=+1.035 area_gap=+0.421 v_rel=0.149 rt= 47.00s cost=7.393
  case  63 n= 84 OK                   hpwl_gap=+1.292 area_gap=+0.812 v_rel=0.175 rt= 47.75s cost=9.281
  case  64 n= 85 OK                   hpwl_gap=+1.332 area_gap=+0.855 v_rel=0.156 rt= 49.29s cost=9.214
  case  65 n= 86 OK                   hpwl_gap=+0.951 area_gap=+0.486 v_rel=0.119 rt= 48.88s cost=7.009
  case  66 n= 87 OK                   hpwl_gap=+1.027 area_gap=+0.492 v_rel=0.141 rt= 51.19s cost=7.592
  case  67 n= 88 OK                   hpwl_gap=+1.238 area_gap=+0.296 v_rel=0.062 rt= 52.82s cost=6.582
  case  68 n= 89 OK                   hpwl_gap=+1.542 area_gap=+0.833 v_rel=0.175 rt= 51.87s cost=10.142
  case  69 n= 90 OK                   hpwl_gap=+1.275 area_gap=+0.659 v_rel=0.197 rt= 52.72s cost=9.586
  case  70 n= 91 OK                   hpwl_gap=+2.199 area_gap=+1.022 v_rel=0.190 rt=  6.20s cost=6.598
  case  71 n= 92 OK                   hpwl_gap=+0.852 area_gap=+0.125 v_rel=0.069 rt=  6.02s cost=2.928
  case  72 n= 93 OK                   hpwl_gap=+0.743 area_gap=+0.263 v_rel=0.149 rt=  6.39s cost=3.534
  case  73 n= 94 OK                   hpwl_gap=+0.602 area_gap=+0.127 v_rel=0.030 rt=  6.08s cost=2.491
  case  74 n= 95 OK                   hpwl_gap=+1.130 area_gap=+0.502 v_rel=0.077 rt=  6.46s cost=3.707
  case  75 n= 96 OK                   hpwl_gap=+1.260 area_gap=+0.317 v_rel=0.080 rt=  6.53s cost=3.684
  case  76 n= 97 OK                   hpwl_gap=+1.453 area_gap=+0.876 v_rel=0.156 rt=  6.58s cost=5.202
  case  77 n= 98 OK                   hpwl_gap=+0.702 area_gap=+0.434 v_rel=0.203 rt=  6.43s cost=4.112
  case  78 n= 99 OK                   hpwl_gap=+0.597 area_gap=+0.182 v_rel=0.100 rt=  6.47s cost=2.971
  case  79 n=100 OK                   hpwl_gap=+1.337 area_gap=+0.780 v_rel=0.139 rt=  6.77s cost=4.822
  case  80 n=101 OK                   hpwl_gap=+1.003 area_gap=+0.307 v_rel=0.086 rt=  6.62s cost=3.467
  case  81 n=102 OK                   hpwl_gap=+0.729 area_gap=+0.152 v_rel=0.030 rt=  6.34s cost=2.663
  case  82 n=103 OK                   hpwl_gap=+0.645 area_gap=+0.222 v_rel=0.197 rt=  6.64s cost=3.753
  case  83 n=104 OK                   hpwl_gap=+1.173 area_gap=+0.509 v_rel=0.074 rt=  6.24s cost=3.694
  case  84 n=105 OK                   hpwl_gap=+0.838 area_gap=+0.243 v_rel=0.052 rt=  6.60s cost=3.010
  case  85 n=106 OK                   hpwl_gap=+0.758 area_gap=+0.302 v_rel=0.081 rt=  6.64s cost=3.175
  case  86 n=107 OK                   hpwl_gap=+0.631 area_gap=+0.429 v_rel=0.116 rt=  6.57s cost=3.394
  case  87 n=108 OK                   hpwl_gap=+0.476 area_gap=+0.297 v_rel=0.100 rt=  6.47s cost=2.965
  case  88 n=109 OK                   hpwl_gap=+1.501 area_gap=+1.040 v_rel=0.190 rt=  6.58s cost=5.848
  case  89 n=110 OK                   hpwl_gap=+1.539 area_gap=+0.955 v_rel=0.188 rt=  7.00s cost=5.872
  case  90 n=111 OK                   hpwl_gap=+1.431 area_gap=+0.638 v_rel=0.105 rt=  6.75s cost=4.449
  case  91 n=112 OK                   hpwl_gap=+0.767 area_gap=+0.087 v_rel=0.057 rt=  6.78s cost=2.841
  case  92 n=113 OK                   hpwl_gap=+1.100 area_gap=+0.507 v_rel=0.081 rt=  6.56s cost=3.729
  case  93 n=114 OK                   hpwl_gap=+0.961 area_gap=+0.498 v_rel=0.171 rt=  6.60s cost=4.289
  case  94 n=115 OK                   hpwl_gap=+0.793 area_gap=+0.286 v_rel=0.105 rt=  6.94s cost=3.394
  case  95 n=116 OK                   hpwl_gap=+0.664 area_gap=+0.487 v_rel=0.037 rt=  6.69s cost=2.998
  case  96 n=117 OK                   hpwl_gap=+0.955 area_gap=+0.321 v_rel=0.036 rt=  6.88s cost=3.140
  case  97 n=118 OK                   hpwl_gap=+1.571 area_gap=+0.827 v_rel=0.127 rt=  6.86s cost=5.048
  case  98 n=119 OK                   hpwl_gap=+0.852 area_gap=+0.255 v_rel=0.164 rt=  6.94s cost=3.859
  case  99 n=120 OK                   hpwl_gap=+0.809 area_gap=+0.395 v_rel=0.072 rt=  6.96s cost=3.313
============================================================
FULL_SCORE:    1.40228
FEASIBLE:      100/100
MEAN_RT:       42.502
MEAN_HPWL_GAP: +0.9182
MEAN_AREA_GAP: +0.4435
MEAN_V_REL:    0.1540
EVAL_WALL:     4260.81s
============================================================
