Loading solver: C:\RESEARCH_PROJECTS\auto_research_1\floorset_research\solver.py
Loading validation dataset...
Running on 100 cases: [0, 1, 2, 3, 4, 5, 6, 7, 8, 9, 10, 11, 12, 13, 14, 15, 16, 17, 18, 19, 20, 21, 22, 23, 24, 25, 26, 27, 28, 29, 30, 31, 32, 33, 34, 35, 36, 37, 38, 39, 40, 41, 42, 43, 44, 45, 46, 47, 48, 49, 50, 51, 52, 53, 54, 55, 56, 57, 58, 59, 60, 61, 62, 63, 64, 65, 66, 67, 68, 69, 70, 71, 72, 73, 74, 75, 76, 77, 78, 79, 80, 81, 82, 83, 84, 85, 86, 87, 88, 89, 90, 91, 92, 93, 94, 95, 96, 97, 98, 99]
  case   0 n= 21 OK                   hpwl_gap=+0.183 area_gap=+0.097 v_rel=0.269 rt= 30.49s cost=5.444
  case   1 n= 22 OK                   hpwl_gap=+0.059 area_gap=+0.098 v_rel=0.448 rt= 35.38s cost=7.709
  case   2 n= 23 OK                   hpwl_gap=+0.203 area_gap=+0.379 v_rel=0.276 rt= 34.89s cost=6.504
  case   3 n= 24 OK                   hpwl_gap=+0.214 area_gap=+0.228 v_rel=0.179 rt= 39.70s cost=5.267
  case   4 n= 25 OK                   hpwl_gap=+0.872 area_gap=+0.183 v_rel=0.188 rt= 53.47s cost=7.333
  case   5 n= 26 OK                   hpwl_gap=+0.026 area_gap=+0.104 v_rel=0.370 rt= 38.70s cost=6.688
  case   6 n= 27 OK                   hpwl_gap=+0.459 area_gap=+0.252 v_rel=0.323 rt= 48.65s cost=8.286
  case   7 n= 28 OK                   hpwl_gap=+0.924 area_gap=+0.606 v_rel=0.167 rt= 50.31s cost=7.981
  case   8 n= 29 OK                   hpwl_gap=+0.429 area_gap=+0.184 v_rel=0.273 rt= 57.85s cost=7.617
  case   9 n= 30 OK                   hpwl_gap=+0.472 area_gap=+0.197 v_rel=0.188 rt= 65.67s cost=6.815
  case  10 n= 31 OK                   hpwl_gap=+0.667 area_gap=+0.360 v_rel=0.074 rt= 61.54s cost=6.041
  case  11 n= 32 OK                   hpwl_gap=+0.870 area_gap=+0.126 v_rel=0.161 rt= 45.77s cost=6.515
  case  12 n= 33 OK                   hpwl_gap=+0.775 area_gap=+0.458 v_rel=0.333 rt= 50.20s cost=10.194
  case  13 n= 34 OK                   hpwl_gap=+0.039 area_gap=+0.099 v_rel=0.303 rt= 45.08s cost=6.141
  case  14 n= 35 OK                   hpwl_gap=+0.540 area_gap=+0.427 v_rel=0.344 rt= 58.83s cost=10.016
  case  15 n= 36 OK                   hpwl_gap=+0.852 area_gap=+0.415 v_rel=0.056 rt= 62.41s cost=6.310
  case  16 n= 37 OK                   hpwl_gap=+0.536 area_gap=+0.391 v_rel=0.275 rt= 56.59s cost=8.513
  case  17 n= 38 OK                   hpwl_gap=+0.626 area_gap=+0.335 v_rel=0.108 rt= 49.74s cost=5.935
  case  18 n= 39 OK                   hpwl_gap=+0.985 area_gap=+0.225 v_rel=0.118 rt= 61.09s cost=6.974
  case  19 n= 40 OK                   hpwl_gap=+0.352 area_gap=+0.290 v_rel=0.263 rt= 41.90s cost=6.857
  case  20 n= 41 OK                   hpwl_gap=+0.091 area_gap=+0.329 v_rel=0.263 rt= 47.53s cost=6.525
  case  21 n= 42 OK                   hpwl_gap=+0.802 area_gap=+0.543 v_rel=0.268 rt= 63.10s cost=9.916
  case  22 n= 43 OK                   hpwl_gap=+0.737 area_gap=+0.240 v_rel=0.163 rt= 43.58s cost=6.395
  case  23 n= 44 OK                   hpwl_gap=+0.919 area_gap=+0.641 v_rel=0.083 rt= 68.42s cost=7.471
  case  24 n= 45 OK                   hpwl_gap=+0.653 area_gap=+0.205 v_rel=0.152 rt= 65.81s cost=6.795
  case  25 n= 46 OK                   hpwl_gap=+1.097 area_gap=+0.560 v_rel=0.250 rt= 73.41s cost=10.940
  case  26 n= 47 OK                   hpwl_gap=+0.730 area_gap=+0.206 v_rel=0.095 rt= 60.63s cost=6.086
  case  27 n= 48 OK                   hpwl_gap=+0.445 area_gap=+0.196 v_rel=0.304 rt= 52.00s cost=7.942
  case  28 n= 49 OK                   hpwl_gap=+0.767 area_gap=+0.351 v_rel=0.049 rt= 72.89s cost=6.224
  case  29 n= 50 OK                   hpwl_gap=+1.043 area_gap=+0.422 v_rel=0.279 rt= 84.82s cost=11.471
  case  30 n= 51 OK                   hpwl_gap=+0.475 area_gap=+0.292 v_rel=0.140 rt= 65.52s cost=6.413
  case  31 n= 52 OK                   hpwl_gap=+0.720 area_gap=+0.470 v_rel=0.224 rt= 91.49s cost=9.687
  case  32 n= 53 OK                   hpwl_gap=+0.634 area_gap=+0.480 v_rel=0.149 rt= 68.57s cost=7.455
  case  33 n= 54 OK                   hpwl_gap=+1.260 area_gap=+0.544 v_rel=0.044 rt= 57.05s cost=6.994
  case  34 n= 55 OK                   hpwl_gap=+0.441 area_gap=+0.225 v_rel=0.240 rt= 59.13s cost=7.326
  case  35 n= 56 OK                   hpwl_gap=+1.185 area_gap=+0.328 v_rel=0.043 rt= 74.10s cost=6.959
  case  36 n= 57 OK                   hpwl_gap=+0.990 area_gap=+0.452 v_rel=0.065 rt= 77.38s cost=7.227
  case  37 n= 58 OK                   hpwl_gap=+0.785 area_gap=+0.282 v_rel=0.085 rt= 68.43s cost=6.461
  case  38 n= 59 OK                   hpwl_gap=+1.574 area_gap=+0.880 v_rel=0.218 rt= 80.27s cost=12.842
  case  39 n= 60 OK                   hpwl_gap=+0.779 area_gap=+0.355 v_rel=0.045 rt= 52.90s cost=5.644
  case  40 n= 61 OK                   hpwl_gap=+1.000 area_gap=+0.337 v_rel=0.184 rt= 53.37s cost=7.943
  case  41 n= 62 OK                   hpwl_gap=+1.116 area_gap=+0.364 v_rel=0.078 rt= 54.54s cost=6.756
  case  42 n= 63 OK                   hpwl_gap=+0.871 area_gap=+0.257 v_rel=0.233 rt= 56.48s cost=8.351
  case  43 n= 64 OK                   hpwl_gap=+1.550 area_gap=+0.772 v_rel=0.188 rt= 56.18s cost=10.528
  case  44 n= 65 OK                   hpwl_gap=+0.978 area_gap=+0.687 v_rel=0.212 rt= 59.04s cost=9.510
  case  45 n= 66 OK                   hpwl_gap=+0.923 area_gap=+0.593 v_rel=0.145 rt= 59.92s cost=8.028
  case  46 n= 67 OK                   hpwl_gap=+1.366 area_gap=+0.596 v_rel=0.164 rt= 62.27s cost=9.491
  case  47 n= 68 OK                   hpwl_gap=+0.715 area_gap=+0.284 v_rel=0.077 rt= 64.16s cost=6.094
  case  48 n= 69 OK                   hpwl_gap=+0.738 area_gap=+0.480 v_rel=0.034 rt= 64.45s cost=6.009
  case  49 n= 70 OK                   hpwl_gap=+1.200 area_gap=+0.955 v_rel=0.220 rt= 64.95s cost=11.291
  case  50 n= 71 OK                   hpwl_gap=+0.758 area_gap=+0.251 v_rel=0.070 rt= 69.64s cost=6.182
  case  51 n= 72 OK                   hpwl_gap=+1.989 area_gap=+0.870 v_rel=0.150 rt= 67.82s cost=11.620
  case  52 n= 73 OK                   hpwl_gap=+1.117 area_gap=+0.396 v_rel=0.123 rt= 69.93s cost=8.029
  case  53 n= 74 OK                   hpwl_gap=+1.433 area_gap=+1.022 v_rel=0.109 rt= 70.89s cost=9.948
  case  54 n= 75 OK                   hpwl_gap=+1.425 area_gap=+0.729 v_rel=0.172 rt= 41.46s cost=8.952
  case  55 n= 76 OK                   hpwl_gap=+1.239 area_gap=+0.578 v_rel=0.143 rt= 42.90s cost=7.842
  case  56 n= 77 OK                   hpwl_gap=+0.657 area_gap=+0.272 v_rel=0.211 rt= 44.28s cost=6.956
  case  57 n= 78 OK                   hpwl_gap=+0.947 area_gap=+1.014 v_rel=0.125 rt= 45.02s cost=7.968
  case  58 n= 79 OK                   hpwl_gap=+0.573 area_gap=+0.198 v_rel=0.093 rt= 46.32s cost=5.271
  case  59 n= 80 OK                   hpwl_gap=+0.768 area_gap=+0.769 v_rel=0.242 rt= 46.11s cost=9.053
  case  60 n= 81 OK                   hpwl_gap=+1.004 area_gap=+0.326 v_rel=0.039 rt= 44.86s cost=5.638
  case  61 n= 82 OK                   hpwl_gap=+1.713 area_gap=+0.920 v_rel=0.123 rt= 44.18s cost=9.233
  case  62 n= 83 OK                   hpwl_gap=+1.035 area_gap=+0.421 v_rel=0.149 rt= 46.77s cost=7.382
  case  63 n= 84 OK                   hpwl_gap=+1.292 area_gap=+0.812 v_rel=0.175 rt= 47.05s cost=9.241
  case  64 n= 85 OK                   hpwl_gap=+1.332 area_gap=+0.855 v_rel=0.156 rt= 49.02s cost=9.199
  case  65 n= 86 OK                   hpwl_gap=+0.951 area_gap=+0.486 v_rel=0.119 rt= 48.89s cost=7.009
  case  66 n= 87 OK                   hpwl_gap=+1.027 area_gap=+0.492 v_rel=0.141 rt= 49.85s cost=7.532
  case  67 n= 88 OK                   hpwl_gap=+1.238 area_gap=+0.296 v_rel=0.062 rt= 53.26s cost=6.598
  case  68 n= 89 OK                   hpwl_gap=+1.542 area_gap=+0.833 v_rel=0.175 rt= 51.43s cost=10.116
  case  69 n= 90 OK                   hpwl_gap=+1.275 area_gap=+0.659 v_rel=0.197 rt= 52.07s cost=9.550
  case  70 n= 91 OK                   hpwl_gap=+2.199 area_gap=+1.022 v_rel=0.190 rt=  6.73s cost=6.762
  case  71 n= 92 OK                   hpwl_gap=+0.852 area_gap=+0.125 v_rel=0.069 rt=  6.47s cost=2.992
  case  72 n= 93 OK                   hpwl_gap=+0.743 area_gap=+0.263 v_rel=0.149 rt=  6.28s cost=3.516
  case  73 n= 94 OK                   hpwl_gap=+0.602 area_gap=+0.127 v_rel=0.030 rt=  6.45s cost=2.536
  case  74 n= 95 OK                   hpwl_gap=+1.130 area_gap=+0.502 v_rel=0.077 rt=  6.29s cost=3.677
  case  75 n= 96 OK                   hpwl_gap=+1.260 area_gap=+0.317 v_rel=0.080 rt=  7.65s cost=3.864
  case  76 n= 97 OK                   hpwl_gap=+1.453 area_gap=+0.876 v_rel=0.156 rt=  6.52s cost=5.188
  case  77 n= 98 OK                   hpwl_gap=+0.702 area_gap=+0.434 v_rel=0.203 rt=  6.64s cost=4.154
  case  78 n= 99 OK                   hpwl_gap=+0.597 area_gap=+0.182 v_rel=0.100 rt=  6.91s cost=3.030
  case  79 n=100 OK                   hpwl_gap=+1.337 area_gap=+0.780 v_rel=0.139 rt=  6.85s cost=4.839
  case  80 n=101 OK                   hpwl_gap=+1.003 area_gap=+0.307 v_rel=0.086 rt=  6.27s cost=3.411
  case  81 n=102 OK                   hpwl_gap=+0.729 area_gap=+0.152 v_rel=0.030 rt=  7.14s cost=2.760
  case  82 n=103 OK                   hpwl_gap=+0.645 area_gap=+0.222 v_rel=0.197 rt=  6.58s cost=3.744
  case  83 n=104 OK                   hpwl_gap=+1.173 area_gap=+0.509 v_rel=0.074 rt=  6.79s cost=3.789
  case  84 n=105 OK                   hpwl_gap=+0.838 area_gap=+0.243 v_rel=0.052 rt=  6.26s cost=2.963
  case  85 n=106 OK                   hpwl_gap=+0.758 area_gap=+0.302 v_rel=0.081 rt=  7.07s cost=3.235
  case  86 n=107 OK                   hpwl_gap=+0.631 area_gap=+0.429 v_rel=0.116 rt=  6.46s cost=3.377
  case  87 n=108 OK                   hpwl_gap=+0.476 area_gap=+0.297 v_rel=0.100 rt=  7.02s cost=3.038
  case  88 n=109 OK                   hpwl_gap=+1.501 area_gap=+1.040 v_rel=0.190 rt=  6.72s cost=5.886
  case  89 n=110 OK                   hpwl_gap=+1.539 area_gap=+0.955 v_rel=0.188 rt=  6.60s cost=5.770
  case  90 n=111 OK                   hpwl_gap=+1.431 area_gap=+0.638 v_rel=0.105 rt=  6.72s cost=4.444
  case  91 n=112 OK                   hpwl_gap=+0.767 area_gap=+0.087 v_rel=0.057 rt=  6.74s cost=2.836
  case  92 n=113 OK                   hpwl_gap=+1.100 area_gap=+0.507 v_rel=0.081 rt=  6.49s cost=3.716
  case  93 n=114 OK                   hpwl_gap=+0.961 area_gap=+0.498 v_rel=0.171 rt=  6.47s cost=4.263
  case  94 n=115 OK                   hpwl_gap=+0.793 area_gap=+0.286 v_rel=0.105 rt=  6.66s cost=3.352
  case  95 n=116 OK                   hpwl_gap=+0.664 area_gap=+0.487 v_rel=0.037 rt=  7.18s cost=3.063
  case  96 n=117 OK                   hpwl_gap=+0.955 area_gap=+0.321 v_rel=0.036 rt=  6.97s cost=3.153
  case  97 n=118 OK                   hpwl_gap=+1.571 area_gap=+0.827 v_rel=0.127 rt=  6.96s cost=5.071
  case  98 n=119 OK                   hpwl_gap=+0.852 area_gap=+0.255 v_rel=0.164 rt=  6.77s cost=3.830
  case  99 n=120 OK                   hpwl_gap=+0.809 area_gap=+0.395 v_rel=0.072 rt=  7.16s cost=3.342
============================================================
FULL_SCORE:    1.40228
FEASIBLE:      100/100
MEAN_RT:       41.443
MEAN_HPWL_GAP: +0.9005
MEAN_AREA_GAP: +0.4437
MEAN_V_REL:    0.1545
EVAL_WALL:     4153.58s
============================================================
