Loading solver: C:\RESEARCH_PROJECTS\auto_research_1\floorset_research\solver.py
Loading validation dataset...
Running on 100 cases: [0, 1, 2, 3, 4, 5, 6, 7, 8, 9, 10, 11, 12, 13, 14, 15, 16, 17, 18, 19, 20, 21, 22, 23, 24, 25, 26, 27, 28, 29, 30, 31, 32, 33, 34, 35, 36, 37, 38, 39, 40, 41, 42, 43, 44, 45, 46, 47, 48, 49, 50, 51, 52, 53, 54, 55, 56, 57, 58, 59, 60, 61, 62, 63, 64, 65, 66, 67, 68, 69, 70, 71, 72, 73, 74, 75, 76, 77, 78, 79, 80, 81, 82, 83, 84, 85, 86, 87, 88, 89, 90, 91, 92, 93, 94, 95, 96, 97, 98, 99]
  case   0 n= 21 OK                   hpwl_gap=+0.854 area_gap=+0.299 v_rel=0.231 rt= 31.78s cost=7.059
  case   1 n= 22 OK                   hpwl_gap=+0.081 area_gap=+0.108 v_rel=0.379 rt= 30.55s cost=6.519
  case   2 n= 23 OK                   hpwl_gap=+0.060 area_gap=+0.196 v_rel=0.345 rt= 35.37s cost=6.552
  case   3 n= 24 OK                   hpwl_gap=+0.451 area_gap=+0.258 v_rel=0.179 rt= 39.75s cost=5.844
  case   4 n= 25 OK                   hpwl_gap=+0.872 area_gap=+0.183 v_rel=0.188 rt= 53.01s cost=7.314
  case   5 n= 26 OK                   hpwl_gap=+0.968 area_gap=+0.176 v_rel=0.259 rt= 44.25s cost=8.232
  case   6 n= 27 OK                   hpwl_gap=+0.459 area_gap=+0.252 v_rel=0.323 rt= 52.59s cost=8.482
  case   7 n= 28 OK                   hpwl_gap=+0.924 area_gap=+0.606 v_rel=0.167 rt= 55.34s cost=8.212
  case   8 n= 29 OK                   hpwl_gap=+0.429 area_gap=+0.184 v_rel=0.273 rt= 63.94s cost=7.849
  case   9 n= 30 OK                   hpwl_gap=+0.472 area_gap=+0.197 v_rel=0.188 rt= 58.94s cost=6.598
  case  10 n= 31 OK                   hpwl_gap=+1.304 area_gap=+0.233 v_rel=0.074 rt= 59.46s cost=6.986
  case  11 n= 32 OK                   hpwl_gap=+0.870 area_gap=+0.126 v_rel=0.161 rt= 44.85s cost=6.475
  case  12 n= 33 INF(ov=3,av=0,dim=0) hpwl_gap=+0.671 area_gap=+0.228 v_rel=0.370 rt= 53.45s cost=10.000
  case  13 n= 34 OK                   hpwl_gap=+0.417 area_gap=+0.370 v_rel=0.182 rt= 38.99s cost=6.016
  case  14 n= 35 OK                   hpwl_gap=+0.727 area_gap=+0.396 v_rel=0.312 rt= 55.89s cost=9.756
  case  15 n= 36 OK                   hpwl_gap=+0.922 area_gap=+0.406 v_rel=0.056 rt= 60.73s cost=6.374
  case  16 n= 37 OK                   hpwl_gap=+0.536 area_gap=+0.391 v_rel=0.275 rt= 50.22s cost=8.214
  case  17 n= 38 OK                   hpwl_gap=+0.760 area_gap=+0.324 v_rel=0.108 rt= 54.52s cost=6.353
  case  18 n= 39 OK                   hpwl_gap=+0.985 area_gap=+0.225 v_rel=0.118 rt= 54.96s cost=6.756
  case  19 n= 40 OK                   hpwl_gap=+0.786 area_gap=+0.255 v_rel=0.237 rt= 58.34s cost=8.271
  case  20 n= 41 OK                   hpwl_gap=+0.047 area_gap=+0.302 v_rel=0.211 rt= 51.92s cost=5.851
  case  21 n= 42 OK                   hpwl_gap=+0.941 area_gap=+0.524 v_rel=0.268 rt= 63.52s cost=10.292
  case  22 n= 43 OK                   hpwl_gap=+0.737 area_gap=+0.240 v_rel=0.163 rt= 67.00s cost=7.276
  case  23 n= 44 OK                   hpwl_gap=+0.919 area_gap=+0.641 v_rel=0.083 rt= 71.74s cost=7.578
  case  24 n= 45 OK                   hpwl_gap=+0.845 area_gap=+0.157 v_rel=0.152 rt= 58.00s cost=6.872
  case  25 n= 46 OK                   hpwl_gap=+1.304 area_gap=+0.437 v_rel=0.250 rt= 72.79s cost=11.160
  case  26 n= 47 OK                   hpwl_gap=+0.730 area_gap=+0.206 v_rel=0.095 rt= 56.48s cost=5.958
  case  27 n= 48 OK                   hpwl_gap=+0.809 area_gap=+0.220 v_rel=0.261 rt= 54.62s cost=8.474
  case  28 n= 49 OK                   hpwl_gap=+0.767 area_gap=+0.351 v_rel=0.049 rt= 72.86s cost=6.224
  case  29 n= 50 OK                   hpwl_gap=+1.043 area_gap=+0.422 v_rel=0.279 rt= 84.48s cost=11.458
  case  30 n= 51 OK                   hpwl_gap=+0.475 area_gap=+0.292 v_rel=0.140 rt= 66.55s cost=6.443
  case  31 n= 52 OK                   hpwl_gap=+0.720 area_gap=+0.470 v_rel=0.224 rt= 91.77s cost=9.696
  case  32 n= 53 OK                   hpwl_gap=+0.634 area_gap=+0.480 v_rel=0.149 rt= 67.74s cost=7.428
  case  33 n= 54 OK                   hpwl_gap=+1.260 area_gap=+0.544 v_rel=0.044 rt= 60.77s cost=7.127
  case  34 n= 55 OK                   hpwl_gap=+0.417 area_gap=+0.168 v_rel=0.280 rt= 54.80s cost=7.520
  case  35 n= 56 OK                   hpwl_gap=+1.185 area_gap=+0.328 v_rel=0.043 rt= 74.43s cost=6.968
  case  36 n= 57 OK                   hpwl_gap=+1.214 area_gap=+0.357 v_rel=0.065 rt= 76.97s cost=7.487
  case  37 n= 58 OK                   hpwl_gap=+0.785 area_gap=+0.282 v_rel=0.085 rt= 52.68s cost=5.973
  case  38 n= 59 OK                   hpwl_gap=+1.670 area_gap=+0.862 v_rel=0.218 rt= 80.31s cost=13.067
  case  39 n= 60 OK                   hpwl_gap=+0.779 area_gap=+0.355 v_rel=0.045 rt= 66.87s cost=6.055
  case  40 n= 61 OK                   hpwl_gap=+1.027 area_gap=+0.334 v_rel=0.184 rt= 53.04s cost=7.987
  case  41 n= 62 OK                   hpwl_gap=+1.292 area_gap=+0.361 v_rel=0.059 rt= 54.13s cost=6.803
  case  42 n= 63 OK                   hpwl_gap=+1.431 area_gap=+0.183 v_rel=0.233 rt= 56.78s cost=9.665
  case  43 n= 64 OK                   hpwl_gap=+1.550 area_gap=+0.772 v_rel=0.188 rt= 56.30s cost=10.534
  case  44 n= 65 OK                   hpwl_gap=+1.612 area_gap=+0.533 v_rel=0.212 rt= 59.64s cost=10.786
  case  45 n= 66 OK                   hpwl_gap=+0.923 area_gap=+0.593 v_rel=0.145 rt= 59.53s cost=8.012
  case  46 n= 67 OK                   hpwl_gap=+1.101 area_gap=+0.369 v_rel=0.236 rt= 62.29s cost=9.615
  case  47 n= 68 OK                   hpwl_gap=+0.715 area_gap=+0.284 v_rel=0.077 rt= 64.91s cost=6.115
  case  48 n= 69 OK                   hpwl_gap=+0.738 area_gap=+0.480 v_rel=0.034 rt= 64.88s cost=6.021
  case  49 n= 70 OK                   hpwl_gap=+1.200 area_gap=+0.955 v_rel=0.220 rt= 64.40s cost=11.262
  case  50 n= 71 OK                   hpwl_gap=+0.749 area_gap=+0.204 v_rel=0.088 rt= 69.42s cost=6.279
  case  51 n= 72 OK                   hpwl_gap=+1.989 area_gap=+0.870 v_rel=0.150 rt= 68.79s cost=11.669
  case  52 n= 73 OK                   hpwl_gap=+1.243 area_gap=+0.345 v_rel=0.123 rt= 69.60s cost=8.188
  case  53 n= 74 OK                   hpwl_gap=+1.426 area_gap=+0.934 v_rel=0.127 rt= 71.05s cost=10.102
  case  54 n= 75 OK                   hpwl_gap=+1.425 area_gap=+0.729 v_rel=0.172 rt= 41.83s cost=8.976
  case  55 n= 76 OK                   hpwl_gap=+1.237 area_gap=+0.520 v_rel=0.161 rt= 43.21s cost=8.018
  case  56 n= 77 OK                   hpwl_gap=+0.657 area_gap=+0.272 v_rel=0.211 rt= 44.35s cost=6.959
  case  57 n= 78 OK                   hpwl_gap=+0.947 area_gap=+1.014 v_rel=0.125 rt= 44.88s cost=7.961
  case  58 n= 79 OK                   hpwl_gap=+0.573 area_gap=+0.198 v_rel=0.093 rt= 46.59s cost=5.280
  case  59 n= 80 OK                   hpwl_gap=+0.859 area_gap=+0.706 v_rel=0.226 rt= 46.23s cost=8.843
  case  60 n= 81 OK                   hpwl_gap=+1.004 area_gap=+0.326 v_rel=0.039 rt= 44.90s cost=5.640
  case  61 n= 82 OK                   hpwl_gap=+1.713 area_gap=+0.920 v_rel=0.123 rt= 44.36s cost=9.244
  case  62 n= 83 OK                   hpwl_gap=+1.270 area_gap=+0.363 v_rel=0.134 rt= 46.43s cost=7.516
  case  63 n= 84 OK                   hpwl_gap=+1.292 area_gap=+0.812 v_rel=0.175 rt= 47.78s cost=9.283
  case  64 n= 85 OK                   hpwl_gap=+1.332 area_gap=+0.855 v_rel=0.156 rt= 49.24s cost=9.211
  case  65 n= 86 OK                   hpwl_gap=+0.951 area_gap=+0.486 v_rel=0.119 rt= 48.63s cost=6.998
  case  66 n= 87 OK                   hpwl_gap=+2.297 area_gap=+0.346 v_rel=0.125 rt= 50.68s cost=9.678
  case  67 n= 88 OK                   hpwl_gap=+1.509 area_gap=+0.221 v_rel=0.078 rt= 52.62s cost=7.159
  case  68 n= 89 OK                   hpwl_gap=+1.542 area_gap=+0.833 v_rel=0.175 rt= 51.73s cost=10.133
  case  69 n= 90 OK                   hpwl_gap=+1.275 area_gap=+0.659 v_rel=0.197 rt= 52.23s cost=9.559
  case  70 n= 91 OK                   hpwl_gap=+2.199 area_gap=+1.022 v_rel=0.190 rt=  6.37s cost=6.650
  case  71 n= 92 OK                   hpwl_gap=+0.852 area_gap=+0.125 v_rel=0.069 rt=  6.35s cost=2.975
  case  72 n= 93 OK                   hpwl_gap=+0.743 area_gap=+0.263 v_rel=0.149 rt=  6.44s cost=3.542
  case  73 n= 94 OK                   hpwl_gap=+0.748 area_gap=+0.090 v_rel=0.030 rt=  6.35s cost=2.625
  case  74 n= 95 OK                   hpwl_gap=+1.130 area_gap=+0.502 v_rel=0.077 rt=  6.38s cost=3.692
  case  75 n= 96 OK                   hpwl_gap=+1.260 area_gap=+0.317 v_rel=0.080 rt=  6.51s cost=3.682
  case  76 n= 97 OK                   hpwl_gap=+1.453 area_gap=+0.876 v_rel=0.156 rt=  6.36s cost=5.151
  case  77 n= 98 OK                   hpwl_gap=+0.754 area_gap=+0.358 v_rel=0.219 rt=  6.63s cost=4.253
  case  78 n= 99 OK                   hpwl_gap=+0.850 area_gap=+0.224 v_rel=0.071 rt=  6.69s cost=3.136
  case  79 n=100 OK                   hpwl_gap=+1.502 area_gap=+0.791 v_rel=0.125 rt=  6.31s cost=4.790
  case  80 n=101 OK                   hpwl_gap=+1.003 area_gap=+0.307 v_rel=0.086 rt=  6.68s cost=3.477
  case  81 n=102 OK                   hpwl_gap=+1.395 area_gap=+0.108 v_rel=0.030 rt=  6.45s cost=3.255
  case  82 n=103 OK                   hpwl_gap=+0.703 area_gap=+0.147 v_rel=0.211 rt=  6.84s cost=3.871
  case  83 n=104 OK                   hpwl_gap=+1.173 area_gap=+0.509 v_rel=0.074 rt=  6.55s cost=3.747
  case  84 n=105 OK                   hpwl_gap=+0.838 area_gap=+0.243 v_rel=0.052 rt=  6.53s cost=3.001
  case  85 n=106 OK                   hpwl_gap=+1.204 area_gap=+0.239 v_rel=0.054 rt=  6.81s cost=3.409
  case  86 n=107 OK                   hpwl_gap=+0.631 area_gap=+0.429 v_rel=0.116 rt=  7.10s cost=3.474
  case  87 n=108 OK                   hpwl_gap=+0.569 area_gap=+0.280 v_rel=0.100 rt=  6.78s cost=3.089
  case  88 n=109 OK                   hpwl_gap=+1.719 area_gap=+1.005 v_rel=0.179 rt=  6.65s cost=5.960
  case  89 n=110 OK                   hpwl_gap=+1.539 area_gap=+0.955 v_rel=0.188 rt=  6.97s cost=5.865
  case  90 n=111 OK                   hpwl_gap=+1.956 area_gap=+0.572 v_rel=0.105 rt=  6.69s cost=4.935
  case  91 n=112 OK                   hpwl_gap=+0.767 area_gap=+0.087 v_rel=0.057 rt=  6.92s cost=2.859
  case  92 n=113 OK                   hpwl_gap=+1.100 area_gap=+0.507 v_rel=0.081 rt=  6.53s cost=3.724
  case  93 n=114 OK                   hpwl_gap=+0.961 area_gap=+0.498 v_rel=0.171 rt=  6.69s cost=4.306
  case  94 n=115 OK                   hpwl_gap=+0.793 area_gap=+0.286 v_rel=0.105 rt=  7.02s cost=3.405
  case  95 n=116 OK                   hpwl_gap=+0.664 area_gap=+0.487 v_rel=0.037 rt=  6.96s cost=3.034
  case  96 n=117 OK                   hpwl_gap=+1.177 area_gap=+0.266 v_rel=0.036 rt=  7.01s cost=3.320
  case  97 n=118 OK                   hpwl_gap=+2.062 area_gap=+0.685 v_rel=0.127 rt=  7.27s cost=5.545
  case  98 n=119 OK                   hpwl_gap=+0.852 area_gap=+0.255 v_rel=0.164 rt=  6.90s cost=3.853
  case  99 n=120 OK                   hpwl_gap=+0.910 area_gap=+0.324 v_rel=0.072 rt=  7.34s cost=3.398
============================================================
FULL_SCORE:    1.42551
FEASIBLE:      99/100
MEAN_RT:       41.748
MEAN_HPWL_GAP: +1.0156
MEAN_AREA_GAP: +0.4248
MEAN_V_REL:    0.1490
EVAL_WALL:     4184.09s
============================================================
